0it [00:00, ?it/s]
28it [00:00, 7520.52it/s]

0it [00:00, ?it/s]
28it [00:00, 95170.59it/s]

  0%|          | 0/14 [00:00<?, ?it/s]
loss: 5.0015 ||:   7%|7         | 1/14 [00:00<00:04,  2.98it/s]
loss: 5.1757 ||:  14%|#4        | 2/14 [00:01<00:05,  2.28it/s]
loss: 9.9704 ||:  21%|##1       | 3/14 [00:01<00:04,  2.32it/s]
loss: 16.0626 ||:  29%|##8       | 4/14 [00:01<00:04,  2.32it/s]
loss: 17.8716 ||:  36%|###5      | 5/14 [00:02<00:04,  1.88it/s]
loss: 23.3025 ||:  43%|####2     | 6/14 [00:03<00:04,  1.95it/s]
loss: 24.6868 ||:  50%|#####     | 7/14 [00:03<00:04,  1.67it/s]
loss: 30.0159 ||:  57%|#####7    | 8/14 [00:04<00:03,  1.82it/s]
loss: 32.0481 ||:  64%|######4   | 9/14 [00:04<00:02,  1.93it/s]
loss: 33.6468 ||:  71%|#######1  | 10/14 [00:05<00:02,  1.68it/s]
loss: 34.8226 ||:  79%|#######8  | 11/14 [00:05<00:01,  1.82it/s]
loss: 35.6943 ||:  86%|########5 | 12/14 [00:06<00:01,  1.63it/s]
loss: 38.0908 ||:  93%|#########2| 13/14 [00:07<00:00,  1.81it/s]
loss: 39.3727 ||: 100%|##########| 14/14 [00:07<00:00,  1.68it/s]
loss: 40.7257 ||: : 15it [00:08,  1.85it/s]                      
loss: 40.1438 ||: : 16it [00:08,  1.70it/s]

  0%|          | 0/14 [00:00<?, ?it/s]
loss: 21.8619 ||:   7%|7         | 1/14 [00:00<00:06,  2.11it/s]
loss: 23.1602 ||:  14%|#4        | 2/14 [00:01<00:06,  1.81it/s]
loss: 38.7438 ||:  21%|##1       | 3/14 [00:01<00:05,  1.95it/s]
loss: 49.2318 ||:  29%|##8       | 4/14 [00:02<00:04,  2.08it/s]
loss: 52.5762 ||:  36%|###5      | 5/14 [00:02<00:05,  1.80it/s]
loss: 57.1033 ||:  43%|####2     | 6/14 [00:03<00:04,  1.93it/s]
loss: 59.7483 ||:  50%|#####     | 7/14 [00:03<00:04,  1.70it/s]
loss: 62.0354 ||:  57%|#####7    | 8/14 [00:04<00:03,  1.85it/s]
loss: 60.8853 ||:  64%|######4   | 9/14 [00:04<00:02,  1.94it/s]
loss: 58.2102 ||:  71%|#######1  | 10/14 [00:05<00:02,  1.60it/s]
loss: 55.0794 ||:  79%|#######8  | 11/14 [00:06<00:01,  1.72it/s]
loss: 52.1563 ||:  86%|########5 | 12/14 [00:07<00:01,  1.48it/s]
loss: 50.7472 ||:  93%|#########2| 13/14 [00:07<00:00,  1.64it/s]
loss: 49.9336 ||: 100%|##########| 14/14 [00:08<00:00,  1.58it/s]
loss: 50.6643 ||: : 15it [00:08,  1.70it/s]                      
loss: 50.6125 ||: : 16it [00:09,  1.59it/s]

  0%|          | 0/14 [00:00<?, ?it/s]
loss: 56.5080 ||:   7%|7         | 1/14 [00:00<00:06,  1.96it/s]
loss: 48.1959 ||:  14%|#4        | 2/14 [00:01<00:07,  1.70it/s]
loss: 42.9487 ||:  21%|##1       | 3/14 [00:01<00:05,  1.86it/s]
loss: 40.2098 ||:  29%|##8       | 4/14 [00:02<00:05,  2.00it/s]
loss: 37.3317 ||:  36%|###5      | 5/14 [00:02<00:05,  1.74it/s]
loss: 35.9752 ||:  43%|####2     | 6/14 [00:03<00:04,  1.89it/s]
loss: 34.5848 ||:  50%|#####     | 7/14 [00:04<00:04,  1.68it/s]
Traceback (most recent call last):
  File "/home/maksym/anaconda3/envs/inter/lib/python3.6/site-packages/allennlp/commands/train.py", line 204, in train_model
    metrics = trainer.train()
  File "/home/maksym/anaconda3/envs/inter/lib/python3.6/site-packages/allennlp/training/trainer.py", line 465, in train
    train_metrics = self._train_epoch(epoch)
  File "/home/maksym/anaconda3/envs/inter/lib/python3.6/site-packages/allennlp/training/trainer.py", line 338, in _train_epoch
    self.optimizer.step()
  File "/home/maksym/anaconda3/envs/inter/lib/python3.6/site-packages/torch/optim/adam.py", line 107, in step
    p.data.addcdiv_(-step_size, exp_avg, denom)
KeyboardInterrupt

During handling of the above exception, another exception occurred:

Traceback (most recent call last):
  File "/home/maksym/anaconda3/envs/inter/bin/allennlp", line 10, in <module>
    sys.exit(run())
  File "/home/maksym/anaconda3/envs/inter/lib/python3.6/site-packages/allennlp/run.py", line 18, in run
    main(prog="allennlp")
  File "/home/maksym/anaconda3/envs/inter/lib/python3.6/site-packages/allennlp/commands/__init__.py", line 101, in main
    args.func(args)
  File "/home/maksym/anaconda3/envs/inter/lib/python3.6/site-packages/allennlp/commands/train.py", line 103, in train_model_from_args
    args.force)
  File "/home/maksym/anaconda3/envs/inter/lib/python3.6/site-packages/allennlp/commands/train.py", line 136, in train_model_from_file
    return train_model(params, serialization_dir, file_friendly_logging, recover, force)
  File "/home/maksym/anaconda3/envs/inter/lib/python3.6/site-packages/allennlp/commands/train.py", line 210, in train_model
    archive_model(serialization_dir, files_to_archive=params.files_to_archive)
  File "/home/maksym/anaconda3/envs/inter/lib/python3.6/site-packages/allennlp/models/archival.py", line 129, in archive_model
    archive.add(weights_file, arcname=_WEIGHTS_NAME)
  File "/home/maksym/anaconda3/envs/inter/lib/python3.6/tarfile.py", line 1952, in add
    self.addfile(tarinfo, f)
  File "/home/maksym/anaconda3/envs/inter/lib/python3.6/tarfile.py", line 1980, in addfile
    copyfileobj(fileobj, self.fileobj, tarinfo.size, bufsize=bufsize)
  File "/home/maksym/anaconda3/envs/inter/lib/python3.6/tarfile.py", line 252, in copyfileobj
    dst.write(buf)
  File "/home/maksym/anaconda3/envs/inter/lib/python3.6/gzip.py", line 264, in write
    self.fileobj.write(self.compress.compress(data))
KeyboardInterrupt
