0it [00:00, ?it/s]
28it [00:00, 11003.51it/s]

0it [00:00, ?it/s]
4it [00:00, 7692.44it/s]

0it [00:00, ?it/s]
32it [00:00, 142936.88it/s]

  0%|          | 0/14 [00:00<?, ?it/s]
loss: 5.0251 ||:   7%|7         | 1/14 [00:00<00:03,  4.14it/s]
loss: 5.6504 ||:  14%|#4        | 2/14 [00:00<00:04,  2.90it/s]
loss: 9.0452 ||:  21%|##1       | 3/14 [00:01<00:03,  2.89it/s]
loss: 12.8511 ||:  29%|##8       | 4/14 [00:01<00:03,  2.82it/s]
loss: 15.0305 ||:  36%|###5      | 5/14 [00:02<00:03,  2.25it/s]
loss: 23.9162 ||:  43%|####2     | 6/14 [00:02<00:03,  2.35it/s]
loss: 25.8459 ||:  50%|#####     | 7/14 [00:03<00:03,  2.04it/s]
loss: 29.0193 ||:  57%|#####7    | 8/14 [00:03<00:02,  2.21it/s]
loss: 33.9977 ||:  64%|######4   | 9/14 [00:03<00:02,  2.31it/s]
loss: 37.2422 ||:  71%|#######1  | 10/14 [00:04<00:02,  1.97it/s]
loss: 39.4778 ||:  79%|#######8  | 11/14 [00:05<00:01,  2.14it/s]
loss: 40.3645 ||:  86%|########5 | 12/14 [00:05<00:01,  1.93it/s]
loss: 40.7739 ||:  93%|#########2| 13/14 [00:06<00:00,  2.15it/s]
loss: 42.2195 ||: 100%|##########| 14/14 [00:06<00:00,  1.99it/s]
loss: 43.5338 ||: : 15it [00:06,  2.19it/s]                      
loss: 44.1886 ||: : 16it [00:07,  1.98it/s]

  0%|          | 0/2 [00:00<?, ?it/s]
BLEU: 0.0000, loss: 65.0530 ||:  50%|#####     | 1/2 [00:00<00:00,  2.62it/s]
BLEU: 0.0000, loss: 52.9961 ||: 100%|##########| 2/2 [00:00<00:00,  2.64it/s]

  0%|          | 0/14 [00:00<?, ?it/s]
loss: 60.5844 ||:   7%|7         | 1/14 [00:00<00:05,  2.55it/s]
loss: 52.8292 ||:  14%|#4        | 2/14 [00:01<00:05,  2.15it/s]
loss: 47.7507 ||:  21%|##1       | 3/14 [00:01<00:04,  2.31it/s]
loss: 49.7232 ||:  29%|##8       | 4/14 [00:01<00:04,  2.45it/s]
loss: 50.2648 ||:  36%|###5      | 5/14 [00:02<00:04,  2.10it/s]
loss: 51.2098 ||:  43%|####2     | 6/14 [00:02<00:03,  2.26it/s]
loss: 50.7096 ||:  50%|#####     | 7/14 [00:03<00:03,  1.99it/s]
loss: 48.9507 ||:  57%|#####7    | 8/14 [00:03<00:02,  2.19it/s]
loss: 46.6981 ||:  64%|######4   | 9/14 [00:04<00:02,  2.34it/s]
loss: 44.3079 ||:  71%|#######1  | 10/14 [00:04<00:01,  2.05it/s]
loss: 42.1942 ||:  79%|#######8  | 11/14 [00:05<00:01,  2.20it/s]
loss: 40.2964 ||:  86%|########5 | 12/14 [00:05<00:01,  1.96it/s]
loss: 39.4909 ||:  93%|#########2| 13/14 [00:06<00:00,  2.16it/s]
loss: 38.4124 ||: 100%|##########| 14/14 [00:06<00:00,  2.00it/s]
loss: 37.1922 ||: : 15it [00:07,  2.19it/s]                      
loss: 35.9400 ||: : 16it [00:07,  2.01it/s]

  0%|          | 0/2 [00:00<?, ?it/s]
BLEU: 0.0000, loss: 34.4120 ||:  50%|#####     | 1/2 [00:00<00:00,  2.55it/s]
BLEU: 0.0000, loss: 23.7528 ||: 100%|##########| 2/2 [00:00<00:00,  2.59it/s]

  0%|          | 0/14 [00:00<?, ?it/s]
loss: 49.6049 ||:   7%|7         | 1/14 [00:00<00:04,  2.61it/s]
loss: 45.5199 ||:  14%|#4        | 2/14 [00:01<00:05,  2.16it/s]
loss: 39.1896 ||:  21%|##1       | 3/14 [00:01<00:04,  2.31it/s]
loss: 32.7108 ||:  29%|##8       | 4/14 [00:01<00:04,  2.45it/s]
loss: 28.2121 ||:  36%|###5      | 5/14 [00:02<00:04,  2.10it/s]
loss: 25.6713 ||:  43%|####2     | 6/14 [00:02<00:03,  2.28it/s]
loss: 23.7318 ||:  50%|#####     | 7/14 [00:03<00:03,  2.03it/s]
loss: 23.7379 ||:  57%|#####7    | 8/14 [00:03<00:02,  2.22it/s]
loss: 24.1814 ||:  64%|######4   | 9/14 [00:04<00:02,  2.35it/s]
loss: 23.9621 ||:  71%|#######1  | 10/14 [00:04<00:01,  2.03it/s]
loss: 23.9285 ||:  79%|#######8  | 11/14 [00:05<00:01,  2.20it/s]
loss: 23.4549 ||:  86%|########5 | 12/14 [00:05<00:01,  1.96it/s]
loss: 22.4728 ||:  93%|#########2| 13/14 [00:06<00:00,  2.16it/s]
loss: 21.5652 ||: 100%|##########| 14/14 [00:06<00:00,  1.97it/s]
loss: 20.9881 ||: : 15it [00:07,  2.16it/s]                      
loss: 20.4495 ||: : 16it [00:07,  1.98it/s]

  0%|          | 0/2 [00:00<?, ?it/s]
BLEU: 0.0000, loss: 10.5653 ||:  50%|#####     | 1/2 [00:00<00:00,  2.58it/s]
BLEU: 0.0000, loss: 10.3170 ||: 100%|##########| 2/2 [00:00<00:00,  2.62it/s]

  0%|          | 0/14 [00:00<?, ?it/s]
loss: 19.7097 ||:   7%|7         | 1/14 [00:00<00:04,  2.70it/s]
loss: 19.4290 ||:  14%|#4        | 2/14 [00:01<00:05,  2.22it/s]
loss: 15.5948 ||:  21%|##1       | 3/14 [00:01<00:04,  2.36it/s]
loss: 15.0988 ||:  29%|##8       | 4/14 [00:01<00:04,  2.46it/s]
loss: 14.3484 ||:  36%|###5      | 5/14 [00:02<00:04,  2.10it/s]
loss: 13.6572 ||:  43%|####2     | 6/14 [00:02<00:03,  2.27it/s]
loss: 12.8099 ||:  50%|#####     | 7/14 [00:03<00:03,  2.00it/s]
loss: 12.5822 ||:  57%|#####7    | 8/14 [00:03<00:02,  2.19it/s]
loss: 12.5639 ||:  64%|######4   | 9/14 [00:04<00:02,  2.32it/s]
loss: 12.5656 ||:  71%|#######1  | 10/14 [00:04<00:01,  2.02it/s]
loss: 12.5751 ||:  79%|#######8  | 11/14 [00:05<00:01,  2.17it/s]
loss: 12.4042 ||:  86%|########5 | 12/14 [00:05<00:01,  1.88it/s]
loss: 12.4072 ||:  93%|#########2| 13/14 [00:06<00:00,  2.08it/s]
loss: 12.2684 ||: 100%|##########| 14/14 [00:06<00:00,  1.96it/s]
loss: 12.0287 ||: : 15it [00:07,  2.15it/s]                      
loss: 11.6795 ||: : 16it [00:07,  1.99it/s]

  0%|          | 0/2 [00:00<?, ?it/s]
BLEU: 0.0000, loss: 7.4885 ||:  50%|#####     | 1/2 [00:00<00:00,  2.57it/s]
BLEU: 0.0000, loss: 6.7793 ||: 100%|##########| 2/2 [00:00<00:00,  2.61it/s]

  0%|          | 0/14 [00:00<?, ?it/s]
loss: 6.7272 ||:   7%|7         | 1/14 [00:00<00:05,  2.53it/s]
loss: 6.6046 ||:  14%|#4        | 2/14 [00:01<00:05,  2.13it/s]
loss: 7.7772 ||:  21%|##1       | 3/14 [00:01<00:04,  2.26it/s]
loss: 9.1498 ||:  29%|##8       | 4/14 [00:01<00:04,  2.41it/s]
loss: 9.8140 ||:  36%|###5      | 5/14 [00:02<00:04,  2.09it/s]
loss: 10.3231 ||:  43%|####2     | 6/14 [00:02<00:03,  2.27it/s]
loss: 10.3559 ||:  50%|#####     | 7/14 [00:03<00:03,  2.00it/s]
loss: 10.1480 ||:  57%|#####7    | 8/14 [00:03<00:02,  2.18it/s]
loss: 9.9793 ||:  64%|######4   | 9/14 [00:04<00:02,  2.30it/s] 
loss: 9.5750 ||:  71%|#######1  | 10/14 [00:04<00:02,  1.99it/s]
loss: 9.3247 ||:  79%|#######8  | 11/14 [00:05<00:01,  2.13it/s]
loss: 9.1427 ||:  86%|########5 | 12/14 [00:05<00:01,  1.89it/s]
loss: 9.1913 ||:  93%|#########2| 13/14 [00:06<00:00,  2.10it/s]
loss: 9.2042 ||: 100%|##########| 14/14 [00:06<00:00,  1.94it/s]
loss: 9.3428 ||: : 15it [00:07,  2.15it/s]                      
loss: 9.3472 ||: : 16it [00:07,  1.97it/s]

  0%|          | 0/2 [00:00<?, ?it/s]
BLEU: 0.0000, loss: 10.2883 ||:  50%|#####     | 1/2 [00:00<00:00,  2.62it/s]
BLEU: 0.0000, loss: 9.0253 ||: 100%|##########| 2/2 [00:00<00:00,  2.62it/s] 

  0%|          | 0/14 [00:00<?, ?it/s]
loss: 10.3387 ||:   7%|7         | 1/14 [00:00<00:05,  2.52it/s]
loss: 8.8978 ||:  14%|#4        | 2/14 [00:01<00:05,  2.12it/s] 
loss: 8.6933 ||:  21%|##1       | 3/14 [00:01<00:04,  2.25it/s]
loss: 8.6406 ||:  29%|##8       | 4/14 [00:01<00:04,  2.36it/s]
loss: 8.5919 ||:  36%|###5      | 5/14 [00:02<00:04,  2.01it/s]
loss: 8.1414 ||:  43%|####2     | 6/14 [00:02<00:03,  2.15it/s]
loss: 7.7276 ||:  50%|#####     | 7/14 [00:03<00:03,  1.91it/s]
loss: 7.5405 ||:  57%|#####7    | 8/14 [00:03<00:02,  2.10it/s]
loss: 7.4894 ||:  64%|######4   | 9/14 [00:04<00:02,  2.23it/s]
loss: 7.4791 ||:  71%|#######1  | 10/14 [00:04<00:02,  1.97it/s]
Traceback (most recent call last):
  File "/home/maksym/anaconda3/envs/inter/lib/python3.6/site-packages/allennlp/commands/train.py", line 204, in train_model
    metrics = trainer.train()
  File "/home/maksym/anaconda3/envs/inter/lib/python3.6/site-packages/allennlp/training/trainer.py", line 465, in train
    train_metrics = self._train_epoch(epoch)
  File "/home/maksym/anaconda3/envs/inter/lib/python3.6/site-packages/allennlp/training/trainer.py", line 338, in _train_epoch
    self.optimizer.step()
  File "/home/maksym/anaconda3/envs/inter/lib/python3.6/site-packages/torch/optim/adam.py", line 94, in step
    exp_avg_sq.mul_(beta2).addcmul_(1 - beta2, grad, grad)
KeyboardInterrupt

During handling of the above exception, another exception occurred:

Traceback (most recent call last):
  File "/home/maksym/anaconda3/envs/inter/bin/allennlp", line 10, in <module>
    sys.exit(run())
  File "/home/maksym/anaconda3/envs/inter/lib/python3.6/site-packages/allennlp/run.py", line 18, in run
    main(prog="allennlp")
  File "/home/maksym/anaconda3/envs/inter/lib/python3.6/site-packages/allennlp/commands/__init__.py", line 101, in main
    args.func(args)
  File "/home/maksym/anaconda3/envs/inter/lib/python3.6/site-packages/allennlp/commands/train.py", line 103, in train_model_from_args
    args.force)
  File "/home/maksym/anaconda3/envs/inter/lib/python3.6/site-packages/allennlp/commands/train.py", line 136, in train_model_from_file
    return train_model(params, serialization_dir, file_friendly_logging, recover, force)
  File "/home/maksym/anaconda3/envs/inter/lib/python3.6/site-packages/allennlp/commands/train.py", line 210, in train_model
    archive_model(serialization_dir, files_to_archive=params.files_to_archive)
  File "/home/maksym/anaconda3/envs/inter/lib/python3.6/site-packages/allennlp/models/archival.py", line 129, in archive_model
    archive.add(weights_file, arcname=_WEIGHTS_NAME)
  File "/home/maksym/anaconda3/envs/inter/lib/python3.6/tarfile.py", line 1952, in add
    self.addfile(tarinfo, f)
  File "/home/maksym/anaconda3/envs/inter/lib/python3.6/tarfile.py", line 1980, in addfile
    copyfileobj(fileobj, self.fileobj, tarinfo.size, bufsize=bufsize)
  File "/home/maksym/anaconda3/envs/inter/lib/python3.6/tarfile.py", line 252, in copyfileobj
    dst.write(buf)
  File "/home/maksym/anaconda3/envs/inter/lib/python3.6/gzip.py", line 264, in write
    self.fileobj.write(self.compress.compress(data))
KeyboardInterrupt
